<?xml version="1.0" encoding="utf-8"?><testsuites><testsuite name="pytest" errors="0" failures="0" skipped="0" tests="3" time="0.012" timestamp="2024-08-08T12:22:23.431912" hostname="ubuntu"><testcase classname="test_flags" name="test_flags_one" time="0.000" /><testcase classname="test_flags" name="test_flags_two" time="0.000" /><testcase classname="test_flags" name="test_flags_three" time="0.000" /></testsuite></testsuites>